<?xml version="1.0" encoding="UTF-8"?>
<!-- Generated by org.testng.reporters.JUnitReportReporter -->
<testsuite skipped="0" hostname="LAPTOP-H4ODDOJJ" name="tests.TestProducts" tests="1" failures="0" timestamp="2020-06-29T14:26:42 BST" time="350.845" errors="0">
  <testcase name="getProductDetails" time="350.845" classname="tests.TestProducts"/>
  <system-out/>
</testsuite> <!-- tests.TestProducts -->
